0 info it worked if it ends with ok
1 verbose cli [ 'node',
1 verbose cli   '/Users/jkochuk/.meteor/packages/meteor-tool/.1.3.2_4.t92mpf++os.osx.x86_64+web.browser+web.cordova/mt-os.osx.x86_64/dev_bundle/bin/npm',
1 verbose cli   'install',
1 verbose cli   '--save',
1 verbose cli   'node-fetch' ]
2 info using npm@2.14.22
3 info using node@v0.10.43
4 verbose install initial load of /Users/jkochuk/Projects/Inara/package.json
5 verbose installManyTop reading scoped package data from /Users/jkochuk/Projects/Inara/node_modules/async/package.json
6 verbose installManyTop reading scoped package data from /Users/jkochuk/Projects/Inara/node_modules/eslint/package.json
7 verbose installManyTop reading scoped package data from /Users/jkochuk/Projects/Inara/node_modules/eslint-config-airbnb/package.json
8 verbose installManyTop reading scoped package data from /Users/jkochuk/Projects/Inara/node_modules/eslint-plugin-jsx-a11y/package.json
9 verbose installManyTop reading scoped package data from /Users/jkochuk/Projects/Inara/node_modules/eslint-plugin-react/package.json
10 verbose installManyTop reading scoped package data from /Users/jkochuk/Projects/Inara/node_modules/meteor-node-stubs/package.json
11 verbose installManyTop reading scoped package data from /Users/jkochuk/Projects/Inara/node_modules/node-fetch/package.json
12 verbose installManyTop reading scoped package data from /Users/jkochuk/Projects/Inara/node_modules/react/package.json
13 verbose installManyTop reading scoped package data from /Users/jkochuk/Projects/Inara/node_modules/react-addons-pure-render-mixin/package.json
14 verbose installManyTop reading scoped package data from /Users/jkochuk/Projects/Inara/node_modules/react-dom/package.json
15 verbose installManyTop reading scoped package data from /Users/jkochuk/Projects/Inara/node_modules/request/package.json
16 verbose readDependencies loading dependencies from /Users/jkochuk/Projects/Inara/package.json
17 verbose install node-fetch is installed as 1.5.1
18 silly cache add args [ 'node-fetch', null ]
19 verbose cache add spec node-fetch
20 silly cache add parsed spec { raw: 'node-fetch',
20 silly cache add   scope: null,
20 silly cache add   name: 'node-fetch',
20 silly cache add   rawSpec: '',
20 silly cache add   spec: 'latest',
20 silly cache add   type: 'tag' }
21 silly addNamed node-fetch@latest
22 verbose addNamed "latest" is being treated as a dist-tag for node-fetch
23 info addNameTag [ 'node-fetch', 'latest' ]
24 silly mapToRegistry name node-fetch
25 silly mapToRegistry using default registry
26 silly mapToRegistry registry https://registry.npmjs.org/
27 silly mapToRegistry uri https://registry.npmjs.org/node-fetch
28 verbose addNameTag registry:https://registry.npmjs.org/node-fetch not in flight; fetching
29 verbose request uri https://registry.npmjs.org/node-fetch
30 verbose request no auth needed
31 info attempt registry request try #1 at 17:03:40
32 verbose request id 9ebdff714cf6d87f
33 verbose etag "3YWQ477Z67W2MFH53JDYG2JBN"
34 http request GET https://registry.npmjs.org/node-fetch
35 http 304 https://registry.npmjs.org/node-fetch
36 verbose headers { date: 'Tue, 26 Apr 2016 21:03:41 GMT',
36 verbose headers   via: '1.1 varnish',
36 verbose headers   'cache-control': 'max-age=300',
36 verbose headers   etag: '"3YWQ477Z67W2MFH53JDYG2JBN"',
36 verbose headers   age: '47',
36 verbose headers   connection: 'keep-alive',
36 verbose headers   'x-served-by': 'cache-iad2123-IAD',
36 verbose headers   'x-cache': 'HIT',
36 verbose headers   'x-cache-hits': '2',
36 verbose headers   'x-timer': 'S1461704621.418229,VS0,VE0',
36 verbose headers   vary: 'Accept-Encoding' }
37 silly get cb [ 304,
37 silly get   { date: 'Tue, 26 Apr 2016 21:03:41 GMT',
37 silly get     via: '1.1 varnish',
37 silly get     'cache-control': 'max-age=300',
37 silly get     etag: '"3YWQ477Z67W2MFH53JDYG2JBN"',
37 silly get     age: '47',
37 silly get     connection: 'keep-alive',
37 silly get     'x-served-by': 'cache-iad2123-IAD',
37 silly get     'x-cache': 'HIT',
37 silly get     'x-cache-hits': '2',
37 silly get     'x-timer': 'S1461704621.418229,VS0,VE0',
37 silly get     vary: 'Accept-Encoding' } ]
38 verbose etag https://registry.npmjs.org/node-fetch from cache
39 verbose get saving node-fetch to /Users/jkochuk/.npm/registry.npmjs.org/node-fetch/.cache.json
40 verbose correctMkdir /Users/jkochuk/.npm correctMkdir not in flight; initializing
41 silly addNameTag next cb for node-fetch with tag latest
42 silly addNamed node-fetch@1.5.1
43 verbose addNamed "1.5.1" is a plain semver version for node-fetch
44 silly cache afterAdd node-fetch@1.5.1
45 verbose afterAdd /Users/jkochuk/.npm/node-fetch/1.5.1/package/package.json not in flight; writing
46 verbose correctMkdir /Users/jkochuk/.npm correctMkdir not in flight; initializing
47 verbose afterAdd /Users/jkochuk/.npm/node-fetch/1.5.1/package/package.json written
48 silly install resolved [ { name: 'node-fetch',
48 silly install resolved     version: '1.5.1',
48 silly install resolved     description: 'A light-weight module that brings window.fetch to node.js and io.js',
48 silly install resolved     main: 'index.js',
48 silly install resolved     scripts:
48 silly install resolved      { test: 'mocha test/test.js',
48 silly install resolved        report: 'istanbul cover _mocha -- -R spec test/test.js',
48 silly install resolved        coverage: 'istanbul cover _mocha --report lcovonly -- -R spec test/test.js && cat ./coverage/lcov.info | coveralls' },
48 silly install resolved     repository:
48 silly install resolved      { type: 'git',
48 silly install resolved        url: 'git+https://github.com/bitinn/node-fetch.git' },
48 silly install resolved     keywords: [ 'fetch', 'http', 'promise' ],
48 silly install resolved     author: { name: 'David Frank' },
48 silly install resolved     license: 'MIT',
48 silly install resolved     bugs: { url: 'https://github.com/bitinn/node-fetch/issues' },
48 silly install resolved     homepage: 'https://github.com/bitinn/node-fetch',
48 silly install resolved     devDependencies:
48 silly install resolved      { bluebird: '^3.3.4',
48 silly install resolved        chai: '^3.5.0',
48 silly install resolved        'chai-as-promised': '^5.2.0',
48 silly install resolved        coveralls: '^2.11.2',
48 silly install resolved        'form-data': '^1.0.0-rc1',
48 silly install resolved        istanbul: '^0.4.2',
48 silly install resolved        mocha: '^2.1.0',
48 silly install resolved        parted: '^0.1.1',
48 silly install resolved        promise: '^7.1.1',
48 silly install resolved        resumer: '0.0.0' },
48 silly install resolved     dependencies: { encoding: '^0.1.11', 'is-stream': '^1.0.1' },
48 silly install resolved     gitHead: '3f24c09005fe5c7e42c64c19a0ff57a8d0c43710',
48 silly install resolved     _id: 'node-fetch@1.5.1',
48 silly install resolved     _shasum: 'edc64350cc0bca48a5f79e038c1f7c5ff0869fef',
48 silly install resolved     _from: 'node-fetch@latest',
48 silly install resolved     _npmVersion: '3.7.3',
48 silly install resolved     _nodeVersion: '5.9.0',
48 silly install resolved     _npmUser: { name: 'bitinn', email: 'bitinn@gmail.com' },
48 silly install resolved     maintainers: [ [Object] ],
48 silly install resolved     dist:
48 silly install resolved      { shasum: 'edc64350cc0bca48a5f79e038c1f7c5ff0869fef',
48 silly install resolved        tarball: 'https://registry.npmjs.org/node-fetch/-/node-fetch-1.5.1.tgz' },
48 silly install resolved     _npmOperationalInternal:
48 silly install resolved      { host: 'packages-12-west.internal.npmjs.com',
48 silly install resolved        tmp: 'tmp/node-fetch-1.5.1.tgz_1460487536401_0.19198199780657887' },
48 silly install resolved     directories: {},
48 silly install resolved     _resolved: 'https://registry.npmjs.org/node-fetch/-/node-fetch-1.5.1.tgz',
48 silly install resolved     readme: 'ERROR: No README data found!' } ]
49 info install node-fetch@1.5.1 into /Users/jkochuk/Projects/Inara
50 info installOne node-fetch@1.5.1
51 verbose installOne of node-fetch to /Users/jkochuk/Projects/Inara not in flight; installing
52 verbose correctMkdir /Users/jkochuk/.npm/_locks correctMkdir not in flight; initializing
53 verbose lock using /Users/jkochuk/.npm/_locks/node-fetch-ed434798356b34ba.lock for /Users/jkochuk/Projects/Inara/node_modules/node-fetch
54 silly install write writing node-fetch 1.5.1 to /Users/jkochuk/Projects/Inara/node_modules/node-fetch
55 verbose unbuild node_modules/node-fetch
56 info preuninstall node-fetch@1.5.1
57 info uninstall node-fetch@1.5.1
58 verbose unbuild rmStuff node-fetch@1.5.1 from /Users/jkochuk/Projects/Inara/node_modules
59 info postuninstall node-fetch@1.5.1
60 silly gentlyRm /Users/jkochuk/Projects/Inara/node_modules/node-fetch is being purged from base /Users/jkochuk/Projects/Inara
61 verbose gentlyRm don't care about contents; nuking /Users/jkochuk/Projects/Inara/node_modules/node-fetch
62 silly vacuum-fs purging /Users/jkochuk/Projects/Inara/node_modules/node-fetch
63 silly vacuum-fs quitting because other entries in /Users/jkochuk/Projects/Inara/node_modules
64 verbose tar unpack /Users/jkochuk/.npm/node-fetch/1.5.1/package.tgz
65 verbose tar unpacking to /Users/jkochuk/Projects/Inara/node_modules/node-fetch
66 silly gentlyRm /Users/jkochuk/Projects/Inara/node_modules/node-fetch is being purged
67 verbose gentlyRm don't care about contents; nuking /Users/jkochuk/Projects/Inara/node_modules/node-fetch
68 silly gunzTarPerm modes [ '755', '644' ]
69 silly gunzTarPerm extractEntry package.json
70 silly gunzTarPerm extractEntry .npmignore
71 silly gunzTarPerm extractEntry README.md
72 silly gunzTarPerm extractEntry index.js
73 silly gunzTarPerm extractEntry LICENSE.md
74 silly gunzTarPerm extractEntry LIMITS.md
75 silly gunzTarPerm extractEntry .travis.yml
76 silly gunzTarPerm extractEntry lib/body.js
77 silly gunzTarPerm extractEntry lib/fetch-error.js
78 silly gunzTarPerm extractEntry lib/headers.js
79 silly gunzTarPerm extractEntry lib/request.js
80 silly gunzTarPerm extractEntry lib/response.js
81 silly gunzTarPerm extractEntry CHANGELOG.md
82 silly gunzTarPerm extractEntry test/server.js
83 silly gunzTarPerm extractEntry test/test.js
84 verbose write writing to /Users/jkochuk/Projects/Inara/node_modules/node-fetch/package.json
85 info preinstall node-fetch@1.5.1
86 verbose readDependencies loading dependencies from /Users/jkochuk/Projects/Inara/node_modules/node-fetch/package.json
87 silly prepareForInstallMany adding encoding@^0.1.11 from node-fetch dependencies
88 silly prepareForInstallMany adding is-stream@^1.0.1 from node-fetch dependencies
89 verbose readDependencies loading dependencies from /Users/jkochuk/Projects/Inara/node_modules/node-fetch/package.json
90 silly cache add args [ 'encoding@^0.1.11', null ]
91 verbose cache add spec encoding@^0.1.11
92 silly cache add args [ 'is-stream@^1.0.1', null ]
93 verbose cache add spec is-stream@^1.0.1
94 silly cache add parsed spec { raw: 'encoding@^0.1.11',
94 silly cache add   scope: null,
94 silly cache add   name: 'encoding',
94 silly cache add   rawSpec: '^0.1.11',
94 silly cache add   spec: '>=0.1.11 <0.2.0',
94 silly cache add   type: 'range' }
95 silly addNamed encoding@>=0.1.11 <0.2.0
96 verbose addNamed ">=0.1.11 <0.2.0" is a valid semver range for encoding
97 silly addNameRange { name: 'encoding', range: '>=0.1.11 <0.2.0', hasData: false }
98 silly mapToRegistry name encoding
99 silly mapToRegistry using default registry
100 silly mapToRegistry registry https://registry.npmjs.org/
101 silly mapToRegistry uri https://registry.npmjs.org/encoding
102 verbose addNameRange registry:https://registry.npmjs.org/encoding not in flight; fetching
103 silly cache add parsed spec { raw: 'is-stream@^1.0.1',
103 silly cache add   scope: null,
103 silly cache add   name: 'is-stream',
103 silly cache add   rawSpec: '^1.0.1',
103 silly cache add   spec: '>=1.0.1 <2.0.0',
103 silly cache add   type: 'range' }
104 silly addNamed is-stream@>=1.0.1 <2.0.0
105 verbose addNamed ">=1.0.1 <2.0.0" is a valid semver range for is-stream
106 silly addNameRange { name: 'is-stream', range: '>=1.0.1 <2.0.0', hasData: false }
107 silly mapToRegistry name is-stream
108 silly mapToRegistry using default registry
109 silly mapToRegistry registry https://registry.npmjs.org/
110 silly mapToRegistry uri https://registry.npmjs.org/is-stream
111 verbose addNameRange registry:https://registry.npmjs.org/is-stream not in flight; fetching
112 verbose request uri https://registry.npmjs.org/encoding
113 verbose request no auth needed
114 info attempt registry request try #1 at 17:03:41
115 verbose etag "ED80P0SXOPGKRRYI0EVINPZUR"
116 http request GET https://registry.npmjs.org/encoding
117 verbose request uri https://registry.npmjs.org/is-stream
118 verbose request no auth needed
119 info attempt registry request try #1 at 17:03:41
120 verbose etag "7PDZPXEXN208G9I3CARQIADFG"
121 http request GET https://registry.npmjs.org/is-stream
122 http 304 https://registry.npmjs.org/is-stream
123 verbose headers { date: 'Tue, 26 Apr 2016 21:03:41 GMT',
123 verbose headers   via: '1.1 varnish',
123 verbose headers   'cache-control': 'max-age=300',
123 verbose headers   etag: '"7PDZPXEXN208G9I3CARQIADFG"',
123 verbose headers   age: '121',
123 verbose headers   connection: 'keep-alive',
123 verbose headers   'x-served-by': 'cache-iad2122-IAD',
123 verbose headers   'x-cache': 'HIT',
123 verbose headers   'x-cache-hits': '3',
123 verbose headers   'x-timer': 'S1461704621.726298,VS0,VE0',
123 verbose headers   vary: 'Accept-Encoding' }
124 silly get cb [ 304,
124 silly get   { date: 'Tue, 26 Apr 2016 21:03:41 GMT',
124 silly get     via: '1.1 varnish',
124 silly get     'cache-control': 'max-age=300',
124 silly get     etag: '"7PDZPXEXN208G9I3CARQIADFG"',
124 silly get     age: '121',
124 silly get     connection: 'keep-alive',
124 silly get     'x-served-by': 'cache-iad2122-IAD',
124 silly get     'x-cache': 'HIT',
124 silly get     'x-cache-hits': '3',
124 silly get     'x-timer': 'S1461704621.726298,VS0,VE0',
124 silly get     vary: 'Accept-Encoding' } ]
125 verbose etag https://registry.npmjs.org/is-stream from cache
126 verbose get saving is-stream to /Users/jkochuk/.npm/registry.npmjs.org/is-stream/.cache.json
127 verbose correctMkdir /Users/jkochuk/.npm correctMkdir not in flight; initializing
128 http 304 https://registry.npmjs.org/encoding
129 verbose headers { date: 'Tue, 26 Apr 2016 21:03:41 GMT',
129 verbose headers   via: '1.1 varnish',
129 verbose headers   'cache-control': 'max-age=300',
129 verbose headers   etag: '"ED80P0SXOPGKRRYI0EVINPZUR"',
129 verbose headers   age: '138',
129 verbose headers   connection: 'keep-alive',
129 verbose headers   'x-served-by': 'cache-iad2128-IAD',
129 verbose headers   'x-cache': 'HIT',
129 verbose headers   'x-cache-hits': '3',
129 verbose headers   'x-timer': 'S1461704621.726381,VS0,VE0',
129 verbose headers   vary: 'Accept-Encoding' }
130 silly get cb [ 304,
130 silly get   { date: 'Tue, 26 Apr 2016 21:03:41 GMT',
130 silly get     via: '1.1 varnish',
130 silly get     'cache-control': 'max-age=300',
130 silly get     etag: '"ED80P0SXOPGKRRYI0EVINPZUR"',
130 silly get     age: '138',
130 silly get     connection: 'keep-alive',
130 silly get     'x-served-by': 'cache-iad2128-IAD',
130 silly get     'x-cache': 'HIT',
130 silly get     'x-cache-hits': '3',
130 silly get     'x-timer': 'S1461704621.726381,VS0,VE0',
130 silly get     vary: 'Accept-Encoding' } ]
131 verbose etag https://registry.npmjs.org/encoding from cache
132 verbose get saving encoding to /Users/jkochuk/.npm/registry.npmjs.org/encoding/.cache.json
133 verbose correctMkdir /Users/jkochuk/.npm correctMkdir not in flight; initializing
134 silly addNameRange number 2 { name: 'is-stream', range: '>=1.0.1 <2.0.0', hasData: true }
135 silly addNameRange versions [ 'is-stream', [ '1.0.0', '1.0.1', '1.1.0' ] ]
136 silly addNamed is-stream@1.1.0
137 verbose addNamed "1.1.0" is a plain semver version for is-stream
138 silly addNameRange number 2 { name: 'encoding', range: '>=0.1.11 <0.2.0', hasData: true }
139 silly addNameRange versions [ 'encoding',
139 silly addNameRange   [ '0.1.1',
139 silly addNameRange     '0.1.2',
139 silly addNameRange     '0.1.3',
139 silly addNameRange     '0.1.4',
139 silly addNameRange     '0.1.5',
139 silly addNameRange     '0.1.6',
139 silly addNameRange     '0.1.7',
139 silly addNameRange     '0.1.8',
139 silly addNameRange     '0.1.9',
139 silly addNameRange     '0.1.10',
139 silly addNameRange     '0.1.11',
139 silly addNameRange     '0.1.12' ] ]
140 silly addNamed encoding@0.1.12
141 verbose addNamed "0.1.12" is a plain semver version for encoding
142 silly cache afterAdd is-stream@1.1.0
143 verbose afterAdd /Users/jkochuk/.npm/is-stream/1.1.0/package/package.json not in flight; writing
144 verbose correctMkdir /Users/jkochuk/.npm correctMkdir not in flight; initializing
145 silly cache afterAdd encoding@0.1.12
146 verbose afterAdd /Users/jkochuk/.npm/encoding/0.1.12/package/package.json not in flight; writing
147 verbose correctMkdir /Users/jkochuk/.npm correctMkdir not in flight; initializing
148 verbose afterAdd /Users/jkochuk/.npm/is-stream/1.1.0/package/package.json written
149 verbose afterAdd /Users/jkochuk/.npm/encoding/0.1.12/package/package.json written
150 silly install resolved [ { name: 'is-stream',
150 silly install resolved     version: '1.1.0',
150 silly install resolved     description: 'Check if something is a Node.js stream',
150 silly install resolved     license: 'MIT',
150 silly install resolved     repository:
150 silly install resolved      { type: 'git',
150 silly install resolved        url: 'git+https://github.com/sindresorhus/is-stream.git' },
150 silly install resolved     author:
150 silly install resolved      { name: 'Sindre Sorhus',
150 silly install resolved        email: 'sindresorhus@gmail.com',
150 silly install resolved        url: 'sindresorhus.com' },
150 silly install resolved     engines: { node: '>=0.10.0' },
150 silly install resolved     scripts: { test: 'xo && ava' },
150 silly install resolved     files: [ 'index.js' ],
150 silly install resolved     keywords:
150 silly install resolved      [ 'stream',
150 silly install resolved        'type',
150 silly install resolved        'streams',
150 silly install resolved        'writable',
150 silly install resolved        'readable',
150 silly install resolved        'duplex',
150 silly install resolved        'transform',
150 silly install resolved        'check',
150 silly install resolved        'detect',
150 silly install resolved        'is' ],
150 silly install resolved     devDependencies: { ava: '*', tempfile: '^1.1.0', xo: '*' },
150 silly install resolved     gitHead: 'e21d73f1028c189d16150cea52641059b0936310',
150 silly install resolved     bugs: { url: 'https://github.com/sindresorhus/is-stream/issues' },
150 silly install resolved     homepage: 'https://github.com/sindresorhus/is-stream#readme',
150 silly install resolved     _id: 'is-stream@1.1.0',
150 silly install resolved     _shasum: '12d4a3dd4e68e0b79ceb8dbc84173ae80d91ca44',
150 silly install resolved     _from: 'is-stream@>=1.0.1 <2.0.0',
150 silly install resolved     _npmVersion: '2.15.0',
150 silly install resolved     _nodeVersion: '4.4.2',
150 silly install resolved     _npmUser: { name: 'sindresorhus', email: 'sindresorhus@gmail.com' },
150 silly install resolved     dist:
150 silly install resolved      { shasum: '12d4a3dd4e68e0b79ceb8dbc84173ae80d91ca44',
150 silly install resolved        tarball: 'https://registry.npmjs.org/is-stream/-/is-stream-1.1.0.tgz' },
150 silly install resolved     maintainers: [ [Object] ],
150 silly install resolved     _npmOperationalInternal:
150 silly install resolved      { host: 'packages-12-west.internal.npmjs.com',
150 silly install resolved        tmp: 'tmp/is-stream-1.1.0.tgz_1460446915184_0.806101513793692' },
150 silly install resolved     directories: {},
150 silly install resolved     _resolved: 'https://registry.npmjs.org/is-stream/-/is-stream-1.1.0.tgz',
150 silly install resolved     readme: 'ERROR: No README data found!' },
150 silly install resolved   { name: 'encoding',
150 silly install resolved     version: '0.1.12',
150 silly install resolved     description: 'Convert encodings, uses iconv by default and fallbacks to iconv-lite if needed',
150 silly install resolved     main: 'lib/encoding.js',
150 silly install resolved     scripts: { test: 'nodeunit test' },
150 silly install resolved     repository:
150 silly install resolved      { type: 'git',
150 silly install resolved        url: 'git+https://github.com/andris9/encoding.git' },
150 silly install resolved     author: { name: 'Andris Reinman' },
150 silly install resolved     license: 'MIT',
150 silly install resolved     dependencies: { 'iconv-lite': '~0.4.13' },
150 silly install resolved     devDependencies: { iconv: '~2.1.11', nodeunit: '~0.9.1' },
150 silly install resolved     gitHead: '91ae950aaa854a119122c27cdbabd8c5585106f7',
150 silly install resolved     bugs: { url: 'https://github.com/andris9/encoding/issues' },
150 silly install resolved     homepage: 'https://github.com/andris9/encoding#readme',
150 silly install resolved     _id: 'encoding@0.1.12',
150 silly install resolved     _shasum: '538b66f3ee62cd1ab51ec323829d1f9480c74beb',
150 silly install resolved     _from: 'encoding@>=0.1.11 <0.2.0',
150 silly install resolved     _npmVersion: '3.3.12',
150 silly install resolved     _nodeVersion: '5.3.0',
150 silly install resolved     _npmUser: { name: 'andris', email: 'andris@kreata.ee' },
150 silly install resolved     dist:
150 silly install resolved      { shasum: '538b66f3ee62cd1ab51ec323829d1f9480c74beb',
150 silly install resolved        tarball: 'https://registry.npmjs.org/encoding/-/encoding-0.1.12.tgz' },
150 silly install resolved     maintainers: [ [Object] ],
150 silly install resolved     directories: {},
150 silly install resolved     _resolved: 'https://registry.npmjs.org/encoding/-/encoding-0.1.12.tgz',
150 silly install resolved     readme: 'ERROR: No README data found!' } ]
151 info install is-stream@1.1.0 into /Users/jkochuk/Projects/Inara/node_modules/node-fetch
152 info install encoding@0.1.12 into /Users/jkochuk/Projects/Inara/node_modules/node-fetch
153 info installOne is-stream@1.1.0
154 verbose installOne of is-stream to /Users/jkochuk/Projects/Inara/node_modules/node-fetch not in flight; installing
155 verbose correctMkdir /Users/jkochuk/.npm/_locks correctMkdir not in flight; initializing
156 info installOne encoding@0.1.12
157 verbose installOne of encoding to /Users/jkochuk/Projects/Inara/node_modules/node-fetch not in flight; installing
158 verbose correctMkdir /Users/jkochuk/.npm/_locks correctMkdir not in flight; initializing
159 verbose lock using /Users/jkochuk/.npm/_locks/is-stream-1bcfbb5f77b327fc.lock for /Users/jkochuk/Projects/Inara/node_modules/node-fetch/node_modules/is-stream
160 silly install write writing is-stream 1.1.0 to /Users/jkochuk/Projects/Inara/node_modules/node-fetch/node_modules/is-stream
161 verbose lock using /Users/jkochuk/.npm/_locks/encoding-c50524088dce9245.lock for /Users/jkochuk/Projects/Inara/node_modules/node-fetch/node_modules/encoding
162 silly install write writing encoding 0.1.12 to /Users/jkochuk/Projects/Inara/node_modules/node-fetch/node_modules/encoding
163 verbose unbuild node_modules/node-fetch/node_modules/is-stream
164 verbose unbuild node_modules/node-fetch/node_modules/encoding
165 silly gentlyRm /Users/jkochuk/Projects/Inara/node_modules/node-fetch/node_modules/is-stream is being purged from base /Users/jkochuk/Projects/Inara
166 verbose gentlyRm don't care about contents; nuking /Users/jkochuk/Projects/Inara/node_modules/node-fetch/node_modules/is-stream
167 verbose tar unpack /Users/jkochuk/.npm/is-stream/1.1.0/package.tgz
168 verbose tar unpacking to /Users/jkochuk/Projects/Inara/node_modules/node-fetch/node_modules/is-stream
169 silly gentlyRm /Users/jkochuk/Projects/Inara/node_modules/node-fetch/node_modules/is-stream is being purged
170 verbose gentlyRm don't care about contents; nuking /Users/jkochuk/Projects/Inara/node_modules/node-fetch/node_modules/is-stream
171 silly gentlyRm /Users/jkochuk/Projects/Inara/node_modules/node-fetch/node_modules/encoding is being purged from base /Users/jkochuk/Projects/Inara
172 verbose gentlyRm don't care about contents; nuking /Users/jkochuk/Projects/Inara/node_modules/node-fetch/node_modules/encoding
173 silly gunzTarPerm modes [ '755', '644' ]
174 verbose tar unpack /Users/jkochuk/.npm/encoding/0.1.12/package.tgz
175 verbose tar unpacking to /Users/jkochuk/Projects/Inara/node_modules/node-fetch/node_modules/encoding
176 silly gentlyRm /Users/jkochuk/Projects/Inara/node_modules/node-fetch/node_modules/encoding is being purged
177 verbose gentlyRm don't care about contents; nuking /Users/jkochuk/Projects/Inara/node_modules/node-fetch/node_modules/encoding
178 silly gunzTarPerm modes [ '755', '644' ]
179 silly gunzTarPerm extractEntry package.json
180 silly gunzTarPerm extractEntry package.json
181 silly gunzTarPerm extractEntry index.js
182 silly gunzTarPerm extractEntry license
183 silly gunzTarPerm extractEntry .npmignore
184 silly gunzTarPerm extractEntry README.md
185 silly gunzTarPerm extractEntry readme.md
186 silly gunzTarPerm extractEntry LICENSE
187 silly gunzTarPerm extractEntry .travis.yml
188 silly gunzTarPerm extractEntry lib/encoding.js
189 silly gunzTarPerm extractEntry lib/iconv-loader.js
190 silly gunzTarPerm extractEntry test/test.js
191 verbose write writing to /Users/jkochuk/Projects/Inara/node_modules/node-fetch/node_modules/is-stream/package.json
192 info preinstall is-stream@1.1.0
193 verbose readDependencies loading dependencies from /Users/jkochuk/Projects/Inara/node_modules/node-fetch/node_modules/is-stream/package.json
194 verbose readDependencies loading dependencies from /Users/jkochuk/Projects/Inara/node_modules/node-fetch/node_modules/is-stream/package.json
195 silly install resolved []
196 verbose about to build /Users/jkochuk/Projects/Inara/node_modules/node-fetch/node_modules/is-stream
197 info build /Users/jkochuk/Projects/Inara/node_modules/node-fetch/node_modules/is-stream
198 info linkStuff is-stream@1.1.0
199 silly linkStuff is-stream@1.1.0 has /Users/jkochuk/Projects/Inara/node_modules/node-fetch/node_modules as its parent node_modules
200 verbose linkBins is-stream@1.1.0
201 verbose linkMans is-stream@1.1.0
202 verbose rebuildBundles is-stream@1.1.0
203 info install is-stream@1.1.0
204 info postinstall is-stream@1.1.0
205 verbose unlock done using /Users/jkochuk/.npm/_locks/is-stream-1bcfbb5f77b327fc.lock for /Users/jkochuk/Projects/Inara/node_modules/node-fetch/node_modules/is-stream
206 verbose write writing to /Users/jkochuk/Projects/Inara/node_modules/node-fetch/node_modules/encoding/package.json
207 info preinstall encoding@0.1.12
208 verbose readDependencies loading dependencies from /Users/jkochuk/Projects/Inara/node_modules/node-fetch/node_modules/encoding/package.json
209 silly prepareForInstallMany adding iconv-lite@~0.4.13 from encoding dependencies
210 verbose readDependencies loading dependencies from /Users/jkochuk/Projects/Inara/node_modules/node-fetch/node_modules/encoding/package.json
211 silly cache add args [ 'iconv-lite@~0.4.13', null ]
212 verbose cache add spec iconv-lite@~0.4.13
213 silly cache add parsed spec { raw: 'iconv-lite@~0.4.13',
213 silly cache add   scope: null,
213 silly cache add   name: 'iconv-lite',
213 silly cache add   rawSpec: '~0.4.13',
213 silly cache add   spec: '>=0.4.13 <0.5.0',
213 silly cache add   type: 'range' }
214 silly addNamed iconv-lite@>=0.4.13 <0.5.0
215 verbose addNamed ">=0.4.13 <0.5.0" is a valid semver range for iconv-lite
216 silly addNameRange { name: 'iconv-lite', range: '>=0.4.13 <0.5.0', hasData: false }
217 silly mapToRegistry name iconv-lite
218 silly mapToRegistry using default registry
219 silly mapToRegistry registry https://registry.npmjs.org/
220 silly mapToRegistry uri https://registry.npmjs.org/iconv-lite
221 verbose addNameRange registry:https://registry.npmjs.org/iconv-lite not in flight; fetching
222 verbose request uri https://registry.npmjs.org/iconv-lite
223 verbose request no auth needed
224 info attempt registry request try #1 at 17:03:41
225 verbose etag "7AJK9OFDQY6LGFZTZNQRHZNCB"
226 http request GET https://registry.npmjs.org/iconv-lite
227 http 304 https://registry.npmjs.org/iconv-lite
228 verbose headers { date: 'Tue, 26 Apr 2016 21:03:41 GMT',
228 verbose headers   via: '1.1 varnish',
228 verbose headers   'cache-control': 'max-age=300',
228 verbose headers   etag: '"7AJK9OFDQY6LGFZTZNQRHZNCB"',
228 verbose headers   age: '88',
228 verbose headers   connection: 'keep-alive',
228 verbose headers   'x-served-by': 'cache-iad2144-IAD',
228 verbose headers   'x-cache': 'HIT',
228 verbose headers   'x-cache-hits': '6',
228 verbose headers   'x-timer': 'S1461704621.938856,VS0,VE0',
228 verbose headers   vary: 'Accept-Encoding' }
229 silly get cb [ 304,
229 silly get   { date: 'Tue, 26 Apr 2016 21:03:41 GMT',
229 silly get     via: '1.1 varnish',
229 silly get     'cache-control': 'max-age=300',
229 silly get     etag: '"7AJK9OFDQY6LGFZTZNQRHZNCB"',
229 silly get     age: '88',
229 silly get     connection: 'keep-alive',
229 silly get     'x-served-by': 'cache-iad2144-IAD',
229 silly get     'x-cache': 'HIT',
229 silly get     'x-cache-hits': '6',
229 silly get     'x-timer': 'S1461704621.938856,VS0,VE0',
229 silly get     vary: 'Accept-Encoding' } ]
230 verbose etag https://registry.npmjs.org/iconv-lite from cache
231 verbose get saving iconv-lite to /Users/jkochuk/.npm/registry.npmjs.org/iconv-lite/.cache.json
232 verbose correctMkdir /Users/jkochuk/.npm correctMkdir not in flight; initializing
233 silly addNameRange number 2 { name: 'iconv-lite', range: '>=0.4.13 <0.5.0', hasData: true }
234 silly addNameRange versions [ 'iconv-lite',
234 silly addNameRange   [ '0.1.0',
234 silly addNameRange     '0.1.1',
234 silly addNameRange     '0.1.2',
234 silly addNameRange     '0.1.3',
234 silly addNameRange     '0.1.4',
234 silly addNameRange     '0.2.0',
234 silly addNameRange     '0.2.1',
234 silly addNameRange     '0.2.3',
234 silly addNameRange     '0.2.4',
234 silly addNameRange     '0.2.5',
234 silly addNameRange     '0.2.6',
234 silly addNameRange     '0.2.7',
234 silly addNameRange     '0.2.8',
234 silly addNameRange     '0.2.9',
234 silly addNameRange     '0.2.10',
234 silly addNameRange     '0.2.11',
234 silly addNameRange     '0.4.0-pre',
234 silly addNameRange     '0.4.0-pre2',
234 silly addNameRange     '0.4.0-pre3',
234 silly addNameRange     '0.4.0',
234 silly addNameRange     '0.4.1',
234 silly addNameRange     '0.4.2',
234 silly addNameRange     '0.4.3',
234 silly addNameRange     '0.4.4',
234 silly addNameRange     '0.4.5',
234 silly addNameRange     '0.4.6',
234 silly addNameRange     '0.4.7',
234 silly addNameRange     '0.4.8',
234 silly addNameRange     '0.4.9',
234 silly addNameRange     '0.4.10',
234 silly addNameRange     '0.4.11',
234 silly addNameRange     '0.4.12',
234 silly addNameRange     '0.4.13' ] ]
235 silly addNamed iconv-lite@0.4.13
236 verbose addNamed "0.4.13" is a plain semver version for iconv-lite
237 silly cache afterAdd iconv-lite@0.4.13
238 verbose afterAdd /Users/jkochuk/.npm/iconv-lite/0.4.13/package/package.json not in flight; writing
239 verbose correctMkdir /Users/jkochuk/.npm correctMkdir not in flight; initializing
240 verbose afterAdd /Users/jkochuk/.npm/iconv-lite/0.4.13/package/package.json written
241 silly install resolved [ { name: 'iconv-lite',
241 silly install resolved     description: 'Convert character encodings in pure javascript.',
241 silly install resolved     version: '0.4.13',
241 silly install resolved     license: 'MIT',
241 silly install resolved     keywords: [ 'iconv', 'convert', 'charset', 'icu' ],
241 silly install resolved     author: { name: 'Alexander Shtuchkin', email: 'ashtuchkin@gmail.com' },
241 silly install resolved     contributors:
241 silly install resolved      [ [Object],
241 silly install resolved        [Object],
241 silly install resolved        [Object],
241 silly install resolved        [Object],
241 silly install resolved        [Object],
241 silly install resolved        [Object],
241 silly install resolved        [Object],
241 silly install resolved        [Object],
241 silly install resolved        [Object],
241 silly install resolved        [Object],
241 silly install resolved        [Object],
241 silly install resolved        [Object] ],
241 silly install resolved     main: './lib/index.js',
241 silly install resolved     homepage: 'https://github.com/ashtuchkin/iconv-lite',
241 silly install resolved     bugs: { url: 'https://github.com/ashtuchkin/iconv-lite/issues' },
241 silly install resolved     repository:
241 silly install resolved      { type: 'git',
241 silly install resolved        url: 'git://github.com/ashtuchkin/iconv-lite.git' },
241 silly install resolved     engines: { node: '>=0.8.0' },
241 silly install resolved     scripts:
241 silly install resolved      { coverage: 'istanbul cover _mocha -- --grep .',
241 silly install resolved        'coverage-open': 'open coverage/lcov-report/index.html',
241 silly install resolved        test: 'mocha --reporter spec --grep .' },
241 silly install resolved     browser: { './extend-node': false, './streams': false },
241 silly install resolved     devDependencies:
241 silly install resolved      { mocha: '*',
241 silly install resolved        request: '2.47',
241 silly install resolved        unorm: '*',
241 silly install resolved        errto: '*',
241 silly install resolved        async: '*',
241 silly install resolved        istanbul: '*',
241 silly install resolved        iconv: '2.1' },
241 silly install resolved     gitHead: 'f5ec51b1e7dd1477a3570824960641eebdc5fbc6',
241 silly install resolved     _id: 'iconv-lite@0.4.13',
241 silly install resolved     _shasum: '1f88aba4ab0b1508e8312acc39345f36e992e2f2',
241 silly install resolved     _from: 'iconv-lite@>=0.4.13 <0.5.0',
241 silly install resolved     _npmVersion: '2.14.4',
241 silly install resolved     _nodeVersion: '4.1.1',
241 silly install resolved     _npmUser: { name: 'ashtuchkin', email: 'ashtuchkin@gmail.com' },
241 silly install resolved     maintainers: [ [Object] ],
241 silly install resolved     dist:
241 silly install resolved      { shasum: '1f88aba4ab0b1508e8312acc39345f36e992e2f2',
241 silly install resolved        tarball: 'http://registry.npmjs.org/iconv-lite/-/iconv-lite-0.4.13.tgz' },
241 silly install resolved     directories: {},
241 silly install resolved     _resolved: 'https://registry.npmjs.org/iconv-lite/-/iconv-lite-0.4.13.tgz',
241 silly install resolved     readme: 'ERROR: No README data found!' } ]
242 info install iconv-lite@0.4.13 into /Users/jkochuk/Projects/Inara/node_modules/node-fetch/node_modules/encoding
243 info installOne iconv-lite@0.4.13
244 verbose installOne of iconv-lite to /Users/jkochuk/Projects/Inara/node_modules/node-fetch/node_modules/encoding not in flight; installing
245 verbose correctMkdir /Users/jkochuk/.npm/_locks correctMkdir not in flight; initializing
246 verbose lock using /Users/jkochuk/.npm/_locks/iconv-lite-3efacccfc9e06c7f.lock for /Users/jkochuk/Projects/Inara/node_modules/node-fetch/node_modules/encoding/node_modules/iconv-lite
247 silly install write writing iconv-lite 0.4.13 to /Users/jkochuk/Projects/Inara/node_modules/node-fetch/node_modules/encoding/node_modules/iconv-lite
248 verbose unbuild node_modules/node-fetch/node_modules/encoding/node_modules/iconv-lite
249 silly gentlyRm /Users/jkochuk/Projects/Inara/node_modules/node-fetch/node_modules/encoding/node_modules/iconv-lite is being purged from base /Users/jkochuk/Projects/Inara
250 verbose gentlyRm don't care about contents; nuking /Users/jkochuk/Projects/Inara/node_modules/node-fetch/node_modules/encoding/node_modules/iconv-lite
251 verbose tar unpack /Users/jkochuk/.npm/iconv-lite/0.4.13/package.tgz
252 verbose tar unpacking to /Users/jkochuk/Projects/Inara/node_modules/node-fetch/node_modules/encoding/node_modules/iconv-lite
253 silly gentlyRm /Users/jkochuk/Projects/Inara/node_modules/node-fetch/node_modules/encoding/node_modules/iconv-lite is being purged
254 verbose gentlyRm don't care about contents; nuking /Users/jkochuk/Projects/Inara/node_modules/node-fetch/node_modules/encoding/node_modules/iconv-lite
255 silly gunzTarPerm modes [ '755', '644' ]
256 silly gunzTarPerm extractEntry package.json
257 silly gunzTarPerm extractEntry .npmignore
258 silly gunzTarPerm extractEntry README.md
259 silly gunzTarPerm extractEntry LICENSE
260 silly gunzTarPerm extractEntry encodings/dbcs-codec.js
261 silly gunzTarPerm extractEntry encodings/dbcs-data.js
262 silly gunzTarPerm extractEntry encodings/index.js
263 silly gunzTarPerm extractEntry encodings/internal.js
264 silly gunzTarPerm extractEntry encodings/sbcs-codec.js
265 silly gunzTarPerm extractEntry encodings/sbcs-data-generated.js
266 silly gunzTarPerm extractEntry encodings/sbcs-data.js
267 silly gunzTarPerm extractEntry encodings/utf16.js
268 silly gunzTarPerm extractEntry encodings/utf7.js
269 silly gunzTarPerm extractEntry encodings/tables/big5-added.json
270 silly gunzTarPerm extractEntry encodings/tables/cp936.json
271 silly gunzTarPerm extractEntry encodings/tables/cp949.json
272 silly gunzTarPerm extractEntry encodings/tables/cp950.json
273 silly gunzTarPerm extractEntry encodings/tables/eucjp.json
274 silly gunzTarPerm extractEntry encodings/tables/gb18030-ranges.json
275 silly gunzTarPerm extractEntry encodings/tables/gbk-added.json
276 silly gunzTarPerm extractEntry encodings/tables/shiftjis.json
277 silly gunzTarPerm extractEntry .travis.yml
278 silly gunzTarPerm extractEntry lib/bom-handling.js
279 silly gunzTarPerm extractEntry lib/extend-node.js
280 silly gunzTarPerm extractEntry lib/index.js
281 silly gunzTarPerm extractEntry lib/streams.js
282 silly gunzTarPerm extractEntry Changelog.md
283 verbose write writing to /Users/jkochuk/Projects/Inara/node_modules/node-fetch/node_modules/encoding/node_modules/iconv-lite/package.json
284 info preinstall iconv-lite@0.4.13
285 verbose readDependencies loading dependencies from /Users/jkochuk/Projects/Inara/node_modules/node-fetch/node_modules/encoding/node_modules/iconv-lite/package.json
286 verbose readDependencies loading dependencies from /Users/jkochuk/Projects/Inara/node_modules/node-fetch/node_modules/encoding/node_modules/iconv-lite/package.json
287 silly install resolved []
288 verbose about to build /Users/jkochuk/Projects/Inara/node_modules/node-fetch/node_modules/encoding/node_modules/iconv-lite
289 info build /Users/jkochuk/Projects/Inara/node_modules/node-fetch/node_modules/encoding/node_modules/iconv-lite
290 info linkStuff iconv-lite@0.4.13
291 silly linkStuff iconv-lite@0.4.13 has /Users/jkochuk/Projects/Inara/node_modules/node-fetch/node_modules/encoding/node_modules as its parent node_modules
292 verbose linkBins iconv-lite@0.4.13
293 verbose linkMans iconv-lite@0.4.13
294 verbose rebuildBundles iconv-lite@0.4.13
295 info install iconv-lite@0.4.13
296 info postinstall iconv-lite@0.4.13
297 verbose unlock done using /Users/jkochuk/.npm/_locks/iconv-lite-3efacccfc9e06c7f.lock for /Users/jkochuk/Projects/Inara/node_modules/node-fetch/node_modules/encoding/node_modules/iconv-lite
298 verbose about to build /Users/jkochuk/Projects/Inara/node_modules/node-fetch/node_modules/encoding
299 info build /Users/jkochuk/Projects/Inara/node_modules/node-fetch/node_modules/encoding
300 info linkStuff encoding@0.1.12
301 silly linkStuff encoding@0.1.12 has /Users/jkochuk/Projects/Inara/node_modules/node-fetch/node_modules as its parent node_modules
302 verbose linkBins encoding@0.1.12
303 verbose linkMans encoding@0.1.12
304 verbose rebuildBundles encoding@0.1.12
305 verbose rebuildBundles [ 'iconv-lite' ]
306 info install encoding@0.1.12
307 info postinstall encoding@0.1.12
308 verbose unlock done using /Users/jkochuk/.npm/_locks/encoding-c50524088dce9245.lock for /Users/jkochuk/Projects/Inara/node_modules/node-fetch/node_modules/encoding
309 verbose about to build /Users/jkochuk/Projects/Inara/node_modules/node-fetch
310 info build /Users/jkochuk/Projects/Inara/node_modules/node-fetch
311 info linkStuff node-fetch@1.5.1
312 silly linkStuff node-fetch@1.5.1 has /Users/jkochuk/Projects/Inara/node_modules as its parent node_modules
313 verbose linkBins node-fetch@1.5.1
314 verbose linkMans node-fetch@1.5.1
315 verbose rebuildBundles node-fetch@1.5.1
316 verbose rebuildBundles [ 'encoding', 'is-stream' ]
317 info install node-fetch@1.5.1
318 info postinstall node-fetch@1.5.1
319 verbose unlock done using /Users/jkochuk/.npm/_locks/node-fetch-ed434798356b34ba.lock for /Users/jkochuk/Projects/Inara/node_modules/node-fetch
320 verbose validateInstall loading /Users/jkochuk/Projects/Inara/package.json for validation
321 verbose stack Error: The package eslint-plugin-react@5.0.1 does not satisfy its siblings' peerDependencies requirements!
321 verbose stack     at /Users/jkochuk/.meteor/packages/meteor-tool/.1.3.2_4.t92mpf++os.osx.x86_64+web.browser+web.cordova/mt-os.osx.x86_64/dev_bundle/lib/node_modules/npm/lib/install.js:125:32
321 verbose stack     at /Users/jkochuk/.meteor/packages/meteor-tool/.1.3.2_4.t92mpf++os.osx.x86_64+web.browser+web.cordova/mt-os.osx.x86_64/dev_bundle/lib/node_modules/npm/lib/install.js:268:7
321 verbose stack     at /Users/jkochuk/.meteor/packages/meteor-tool/.1.3.2_4.t92mpf++os.osx.x86_64+web.browser+web.cordova/mt-os.osx.x86_64/dev_bundle/lib/node_modules/npm/node_modules/read-installed/read-installed.js:142:5
321 verbose stack     at /Users/jkochuk/.meteor/packages/meteor-tool/.1.3.2_4.t92mpf++os.osx.x86_64+web.browser+web.cordova/mt-os.osx.x86_64/dev_bundle/lib/node_modules/npm/node_modules/read-installed/read-installed.js:263:14
321 verbose stack     at cb (/Users/jkochuk/.meteor/packages/meteor-tool/.1.3.2_4.t92mpf++os.osx.x86_64+web.browser+web.cordova/mt-os.osx.x86_64/dev_bundle/lib/node_modules/npm/node_modules/slide/lib/async-map.js:47:24)
321 verbose stack     at /Users/jkochuk/.meteor/packages/meteor-tool/.1.3.2_4.t92mpf++os.osx.x86_64+web.browser+web.cordova/mt-os.osx.x86_64/dev_bundle/lib/node_modules/npm/node_modules/read-installed/read-installed.js:263:14
321 verbose stack     at cb (/Users/jkochuk/.meteor/packages/meteor-tool/.1.3.2_4.t92mpf++os.osx.x86_64+web.browser+web.cordova/mt-os.osx.x86_64/dev_bundle/lib/node_modules/npm/node_modules/slide/lib/async-map.js:47:24)
321 verbose stack     at /Users/jkochuk/.meteor/packages/meteor-tool/.1.3.2_4.t92mpf++os.osx.x86_64+web.browser+web.cordova/mt-os.osx.x86_64/dev_bundle/lib/node_modules/npm/node_modules/read-installed/read-installed.js:263:14
321 verbose stack     at cb (/Users/jkochuk/.meteor/packages/meteor-tool/.1.3.2_4.t92mpf++os.osx.x86_64+web.browser+web.cordova/mt-os.osx.x86_64/dev_bundle/lib/node_modules/npm/node_modules/slide/lib/async-map.js:47:24)
321 verbose stack     at /Users/jkochuk/.meteor/packages/meteor-tool/.1.3.2_4.t92mpf++os.osx.x86_64+web.browser+web.cordova/mt-os.osx.x86_64/dev_bundle/lib/node_modules/npm/node_modules/read-installed/read-installed.js:263:14
322 verbose cwd /Users/jkochuk/Projects/Inara
323 error Darwin 15.4.0
324 error argv "node" "/Users/jkochuk/.meteor/packages/meteor-tool/.1.3.2_4.t92mpf++os.osx.x86_64+web.browser+web.cordova/mt-os.osx.x86_64/dev_bundle/bin/npm" "install" "--save" "node-fetch"
325 error node v0.10.43
326 error npm  v2.14.22
327 error code EPEERINVALID
328 error peerinvalid The package eslint-plugin-react@5.0.1 does not satisfy its siblings' peerDependencies requirements!
328 error peerinvalid Peer eslint-config-airbnb@7.0.0 wants eslint-plugin-react@^4.3.0
329 verbose exit [ 1, true ]
